Log file open, 09/04/19 09:41:28
LogWindows: Failed to load 'aqProf.dll' (GetLastError=126)
LogWindows: File 'aqProf.dll' does not exist
LogWindows: Failed to load 'VtuneApi.dll' (GetLastError=126)
LogWindows: File 'VtuneApi.dll' does not exist
LogWindows: Failed to load 'VtuneApi32e.dll' (GetLastError=126)
LogWindows: File 'VtuneApi32e.dll' does not exist
LogConsoleResponse: Display: Failed to find resolution value strings in scalability ini. Falling back to default.
LogInit: Display: Running engine for game: CoinCollector
LogPakFile: Registered encryption key '00000000000000000000000000000000': 0 pak files mounted, 0 remain pending
LogPlatformFile: Not using cached read wrapper
LogTaskGraph: Started task graph with 5 named threads and 23 total threads with 3 sets of task threads.
LogStats: Stats thread started at 0.287517
LogD3D11RHI: Loaded GFSDK_Aftermath_Lib.x64.dll
LogICUInternationalization: ICU TimeZone Detection - Raw Offset: -8:00, Platform Override: ''
LogPluginManager: Mounting plugin Paper2D
LogPluginManager: Mounting plugin AISupport
LogPluginManager: Mounting plugin LightPropagationVolume
LogPluginManager: Mounting plugin ActorLayerUtilities
LogPluginManager: Mounting plugin AnimationSharing
LogPluginManager: Mounting plugin CLionSourceCodeAccess
LogPluginManager: Mounting plugin CodeLiteSourceCodeAccess
LogPluginManager: Mounting plugin GitSourceControl
LogPluginManager: Mounting plugin KDevelopSourceCodeAccess
LogPluginManager: Mounting plugin NullSourceCodeAccess
LogPluginManager: Mounting plugin PerforceSourceControl
LogPluginManager: Mounting plugin SubversionSourceControl
LogPluginManager: Mounting plugin UObjectPlugin
LogPluginManager: Mounting plugin VisualStudioCodeSourceCodeAccess
LogPluginManager: Mounting plugin VisualStudioSourceCodeAccess
LogPluginManager: Mounting plugin XCodeSourceCodeAccess
LogPluginManager: Mounting plugin AssetManagerEditor
LogPluginManager: Mounting plugin CryptoKeys
LogPluginManager: Mounting plugin DataValidation
LogPluginManager: Mounting plugin FacialAnimation
LogPluginManager: Mounting plugin GameplayTagsEditor
LogPluginManager: Mounting plugin MacGraphicsSwitching
LogPluginManager: Mounting plugin MaterialAnalyzer
LogPluginManager: Mounting plugin MobileLauncherProfileWizard
LogPluginManager: Mounting plugin PluginBrowser
LogPluginManager: Mounting plugin SpeedTreeImporter
LogPluginManager: Mounting plugin DatasmithContent
LogPluginManager: Mounting plugin VariantManagerContent
LogPluginManager: Mounting plugin AlembicImporter
LogPluginManager: Mounting plugin AppleImageUtils
LogPluginManager: Mounting plugin AppleVision
LogPluginManager: Mounting plugin BackChannel
LogPluginManager: Mounting plugin CharacterAI
LogPluginManager: Mounting plugin GeometryCache
LogPluginManager: Mounting plugin HTML5Networking
LogPluginManager: Mounting plugin ProxyLODPlugin
LogPluginManager: Mounting plugin SkeletalReduction
LogPluginManager: Mounting plugin MagicLeap
LogPluginManager: Mounting plugin MagicLeapMedia
LogPluginManager: Mounting plugin AndroidMedia
LogPluginManager: Mounting plugin AvfMedia
LogPluginManager: Mounting plugin ImgMedia
LogPluginManager: Mounting plugin LinearTimecode
LogPluginManager: Mounting plugin MediaCompositing
LogPluginManager: Mounting plugin MediaPlayerEditor
LogPluginManager: Mounting plugin WebMMedia
LogPluginManager: Mounting plugin WmfMedia
LogPluginManager: Mounting plugin TcpMessaging
LogPluginManager: Mounting plugin UdpMessaging
LogPluginManager: Mounting plugin ActorSequence
LogPluginManager: Mounting plugin LevelSequenceEditor
LogPluginManager: Mounting plugin MatineeToLevelSequence
LogPluginManager: Mounting plugin NetcodeUnitTest
LogPluginManager: Mounting plugin NUTUnrealEngine4
LogPluginManager: Mounting plugin OnlineSubsystemGooglePlay
LogPluginManager: Mounting plugin OnlineSubsystemIOS
LogPluginManager: Mounting plugin OnlineSubsystem
LogPluginManager: Mounting plugin OnlineSubsystemNull
LogPluginManager: Mounting plugin OnlineSubsystemUtils
LogPluginManager: Mounting plugin LauncherChunkInstaller
LogPluginManager: Mounting plugin AndroidDeviceProfileSelector
LogPluginManager: Mounting plugin AndroidMoviePlayer
LogPluginManager: Mounting plugin AndroidPermission
LogPluginManager: Mounting plugin AppleMoviePlayer
LogPluginManager: Mounting plugin ArchVisCharacter
LogPluginManager: Mounting plugin AudioCapture
LogPluginManager: Mounting plugin CableComponent
LogPluginManager: Mounting plugin CustomMeshComponent
LogPluginManager: Mounting plugin EditableMesh
LogPluginManager: Mounting plugin ExampleDeviceProfileSelector
LogPluginManager: Mounting plugin Firebase
LogPluginManager: Mounting plugin GoogleCloudMessaging
LogPluginManager: Mounting plugin IOSDeviceProfileSelector
LogPluginManager: Mounting plugin LinuxDeviceProfileSelector
LogPluginManager: Mounting plugin LocationServicesBPLibrary
LogPluginManager: Mounting plugin MobilePatchingUtils
LogPluginManager: Mounting plugin OculusVR
LogPluginManager: Mounting plugin PhysXVehicles
LogPluginManager: Mounting plugin ProceduralMeshComponent
LogPluginManager: Mounting plugin RuntimePhysXCooking
LogPluginManager: Mounting plugin SignificanceManager
LogPluginManager: Mounting plugin SteamVR
LogPluginManager: Mounting plugin WebMMoviePlayer
LogPluginManager: Mounting plugin WindowsMoviePlayer
LogInit: Using libcurl 7.55.1-DEV
LogInit:  - built for x86_64-pc-win32
LogInit:  - supports SSL with OpenSSL/1.1.1
LogInit:  - supports HTTP deflate (compression) using libz 1.2.8
LogInit:  - other features:
LogInit:      CURL_VERSION_SSL
LogInit:      CURL_VERSION_LIBZ
LogInit:      CURL_VERSION_IPV6
LogInit:      CURL_VERSION_ASYNCHDNS
LogInit:      CURL_VERSION_LARGEFILE
LogInit:      CURL_VERSION_IDN
LogInit:  CurlRequestOptions (configurable via config and command line):
LogInit:  - bVerifyPeer = true  - Libcurl will verify peer certificate
LogInit:  - bUseHttpProxy = false  - Libcurl will NOT use HTTP proxy
LogInit:  - bDontReuseConnections = false  - Libcurl will reuse connections
LogInit:  - MaxHostConnections = 16  - Libcurl will limit the number of connections to a host
LogInit:  - LocalHostAddr = Default
LogInit:  - BufferSize = 65536
LogInit: WinSock: version 1.1 (2.2), MaxSocks=32767, MaxUdp=65467
LogInit: Build: ++UE4+Release-4.22-CL-7053642
LogInit: Engine Version: 4.22.3-7053642+++UE4+Release-4.22
LogInit: Compatible Engine Version: 4.22.0-5660361+++UE4+Release-4.22
LogInit: Net CL: 5660361
LogInit: OS: Windows 10 (Release 1809) (), CPU: Intel(R) Core(TM) i7-8550U CPU @ 1.80GHz, GPU: Intel(R) UHD Graphics 620
LogInit: Compiled (64-bit): Jun 18 2019 03:09:11
LogInit: Compiled with Visual C++: 19.16.27025.01
LogInit: Build Configuration: Development
LogInit: Branch Name: ++UE4+Release-4.22
LogInit: Command Line: 
LogInit: Base Directory: C:/Program Files/Epic Games/UE_4.22/Engine/Binaries/Win64/
LogInit: Installed Engine Build: 1
LogDevObjectVersion: Number of dev versions registered: 23
LogDevObjectVersion:   Dev-Blueprints (B0D832E4-1F89-4F0D-ACCF-7EB736FD4AA2): 10
LogDevObjectVersion:   Dev-Build (E1C64328-A22C-4D53-A36C-8E866417BD8C): 0
LogDevObjectVersion:   Dev-Core (375EC13C-06E4-48FB-B500-84F0262A717E): 3
LogDevObjectVersion:   Dev-Editor (E4B068ED-F494-42E9-A231-DA0B2E46BB41): 30
LogDevObjectVersion:   Dev-Framework (CFFC743F-43B0-4480-9391-14DF171D2073): 35
LogDevObjectVersion:   Dev-Mobile (B02B49B5-BB20-44E9-A304-32B752E40360): 2
LogDevObjectVersion:   Dev-Networking (A4E4105C-59A1-49B5-A7C5-40C4547EDFEE): 0
LogDevObjectVersion:   Dev-Online (39C831C9-5AE6-47DC-9A44-9C173E1C8E7C): 0
LogDevObjectVersion:   Dev-Physics (78F01B33-EBEA-4F98-B9B4-84EACCB95AA2): 0
LogDevObjectVersion:   Dev-Platform (6631380F-2D4D-43E0-8009-CF276956A95A): 0
LogDevObjectVersion:   Dev-Rendering (12F88B9F-8875-4AFC-A67C-D90C383ABD29): 28
LogDevObjectVersion:   Dev-Sequencer (7B5AE74C-D270-4C10-A958-57980B212A5A): 11
LogDevObjectVersion:   Dev-VR (D7296918-1DD6-4BDD-9DE2-64A83CC13884): 2
LogDevObjectVersion:   Dev-LoadTimes (C2A15278-BFE7-4AFE-6C17-90FF531DF755): 1
LogDevObjectVersion:   Private-Geometry (6EACA3D4-40EC-4CC1-B786-8BED09428FC5): 3
LogDevObjectVersion:   Dev-AnimPhys (29E575DD-E0A3-4627-9D10-D276232CDCEA): 17
LogDevObjectVersion:   Dev-Anim (AF43A65D-7FD3-4947-9873-3E8ED9C1BB05): 2
LogDevObjectVersion:   Dev-ReflectionCapture (6B266CEC-1EC7-4B8F-A30B-E4D90942FC07): 1
LogDevObjectVersion:   Dev-Automation (0DF73D61-A23F-47EA-B727-89E90C41499A): 1
LogDevObjectVersion:   FortniteMain (601D1886-AC64-4F84-AA16-D3DE0DEAC7D6): 25
LogDevObjectVersion:   Dev-Enterprise (9DFFBCD6-494F-0158-E221-12823C92A888): 6
LogDevObjectVersion:   Dev-Niagara (F2AED0AC-9AFE-416F-8664-AA7FFA26D6FC): 1
LogDevObjectVersion:   Dev-Destruction (174F1F0B-B4C6-45A5-B13F-2EE8D0FB917D): 2
LogInit: Presizing for max 16777216 objects, including 0 objects not considered by GC, pre-allocating 0 bytes for permanent pool.
LogInit: Object subsystem initialized
LogConfig: Setting CVar [[con.DebugEarlyDefault:1]]
LogConfig: Setting CVar [[r.setres:1280x720]]
[2019.09.04-16.41.29:150][  0]LogConfig: Setting CVar [[r.VSync:0]]
[2019.09.04-16.41.29:150][  0]LogConfig: Setting CVar [[r.RHICmdBypass:0]]
[2019.09.04-16.41.29:150][  0]LogConfig: Applying CVar settings from Section [/Script/Engine.RendererSettings] File [C:/Users/jessz/codefellows/post/unreal_engine/CoinCollectorStarter/CoinCollectorStarter/Saved/Config/Windows/Engine.ini]
[2019.09.04-16.41.29:150][  0]LogConfig: Setting CVar [[r.GPUCrashDebugging:0]]
[2019.09.04-16.41.29:150][  0]LogConfig: Applying CVar settings from Section [/Script/Engine.RendererOverrideSettings] File [C:/Users/jessz/codefellows/post/unreal_engine/CoinCollectorStarter/CoinCollectorStarter/Saved/Config/Windows/Engine.ini]
[2019.09.04-16.41.29:150][  0]LogConfig: Applying CVar settings from Section [/Script/Engine.StreamingSettings] File [C:/Users/jessz/codefellows/post/unreal_engine/CoinCollectorStarter/CoinCollectorStarter/Saved/Config/Windows/Engine.ini]
[2019.09.04-16.41.29:150][  0]LogConfig: Setting CVar [[s.MinBulkDataSizeForAsyncLoading:131072]]
[2019.09.04-16.41.29:150][  0]LogConfig: Setting CVar [[s.AsyncLoadingThreadEnabled:0]]
[2019.09.04-16.41.29:150][  0]LogConfig: Setting CVar [[s.EventDrivenLoaderEnabled:1]]
[2019.09.04-16.41.29:150][  0]LogConfig: Setting CVar [[s.WarnIfTimeLimitExceeded:0]]
[2019.09.04-16.41.29:150][  0]LogConfig: Setting CVar [[s.TimeLimitExceededMultiplier:1.5]]
[2019.09.04-16.41.29:150][  0]LogConfig: Setting CVar [[s.TimeLimitExceededMinTime:0.005]]
[2019.09.04-16.41.29:150][  0]LogConfig: Setting CVar [[s.UseBackgroundLevelStreaming:1]]
[2019.09.04-16.41.29:150][  0]LogConfig: Setting CVar [[s.PriorityAsyncLoadingExtraTime:15.0]]
[2019.09.04-16.41.29:150][  0]LogConfig: Setting CVar [[s.LevelStreamingActorsUpdateTimeLimit:5.0]]
[2019.09.04-16.41.29:151][  0]LogConfig: Setting CVar [[s.PriorityLevelStreamingActorsUpdateExtraTime:5.0]]
[2019.09.04-16.41.29:151][  0]LogConfig: Setting CVar [[s.LevelStreamingComponentsRegistrationGranularity:10]]
[2019.09.04-16.41.29:151][  0]LogConfig: Setting CVar [[s.UnregisterComponentsTimeLimit:1.0]]
[2019.09.04-16.41.29:151][  0]LogConfig: Setting CVar [[s.LevelStreamingComponentsUnregistrationGranularity:5]]
[2019.09.04-16.41.29:151][  0]LogConfig: Applying CVar settings from Section [/Script/Engine.GarbageCollectionSettings] File [C:/Users/jessz/codefellows/post/unreal_engine/CoinCollectorStarter/CoinCollectorStarter/Saved/Config/Windows/Engine.ini]
[2019.09.04-16.41.29:151][  0]LogConfig: Setting CVar [[gc.MaxObjectsNotConsideredByGC:1]]
[2019.09.04-16.41.29:151][  0]LogConfig: Setting CVar [[gc.SizeOfPermanentObjectPool:0]]
[2019.09.04-16.41.29:151][  0]LogConfig: Setting CVar [[gc.FlushStreamingOnGC:0]]
[2019.09.04-16.41.29:151][  0]LogConfig: Setting CVar [[gc.NumRetriesBeforeForcingGC:10]]
[2019.09.04-16.41.29:151][  0]LogConfig: Setting CVar [[gc.AllowParallelGC:1]]
[2019.09.04-16.41.29:151][  0]LogConfig: Setting CVar [[gc.TimeBetweenPurgingPendingKillObjects:61.1]]
[2019.09.04-16.41.29:151][  0]LogConfig: Setting CVar [[gc.MaxObjectsInEditor:16777216]]
[2019.09.04-16.41.29:151][  0]LogConfig: Setting CVar [[gc.IncrementalBeginDestroyEnabled:1]]
[2019.09.04-16.41.29:151][  0]LogConfig: Setting CVar [[gc.CreateGCClusters:1]]
[2019.09.04-16.41.29:151][  0]LogConfig: Setting CVar [[gc.MinGCClusterSize:5]]
[2019.09.04-16.41.29:151][  0]LogConfig: Setting CVar [[gc.ActorClusteringEnabled:0]]
[2019.09.04-16.41.29:151][  0]LogConfig: Setting CVar [[gc.BlueprintClusteringEnabled:0]]
[2019.09.04-16.41.29:151][  0]LogConfig: Setting CVar [[gc.UseDisregardForGCOnDedicatedServers:0]]
[2019.09.04-16.41.29:151][  0]LogConfig: Applying CVar settings from Section [/Script/Engine.NetworkSettings] File [C:/Users/jessz/codefellows/post/unreal_engine/CoinCollectorStarter/CoinCollectorStarter/Saved/Config/Windows/Engine.ini]
[2019.09.04-16.41.29:151][  0]LogConfig: Applying CVar settings from Section [/Script/UnrealEd.CookerSettings] File [C:/Users/jessz/codefellows/post/unreal_engine/CoinCollectorStarter/CoinCollectorStarter/Saved/Config/Windows/Engine.ini]
[2019.09.04-16.41.29:153][  0]LogConfig: Applying CVar settings from Section [ViewDistanceQuality@3] File [C:/Users/jessz/codefellows/post/unreal_engine/CoinCollectorStarter/CoinCollectorStarter/Saved/Config/Windows/Scalability.ini]
[2019.09.04-16.41.29:153][  0]LogConfig: Setting CVar [[r.SkeletalMeshLODBias:0]]
[2019.09.04-16.41.29:153][  0]LogConfig: Setting CVar [[r.ViewDistanceScale:1.0]]
[2019.09.04-16.41.29:153][  0]LogConfig: Applying CVar settings from Section [AntiAliasingQuality@3] File [C:/Users/jessz/codefellows/post/unreal_engine/CoinCollectorStarter/CoinCollectorStarter/Saved/Config/Windows/Scalability.ini]
[2019.09.04-16.41.29:153][  0]LogConfig: Setting CVar [[r.PostProcessAAQuality:4]]
[2019.09.04-16.41.29:153][  0]LogConfig: Applying CVar settings from Section [ShadowQuality@3] File [C:/Users/jessz/codefellows/post/unreal_engine/CoinCollectorStarter/CoinCollectorStarter/Saved/Config/Windows/Scalability.ini]
[2019.09.04-16.41.29:153][  0]LogConfig: Setting CVar [[r.LightFunctionQuality:1]]
[2019.09.04-16.41.29:153][  0]LogConfig: Setting CVar [[r.ShadowQuality:5]]
[2019.09.04-16.41.29:153][  0]LogConfig: Setting CVar [[r.Shadow.CSM.MaxCascades:10]]
[2019.09.04-16.41.29:153][  0]LogConfig: Setting CVar [[r.Shadow.MaxResolution:2048]]
[2019.09.04-16.41.29:153][  0]LogConfig: Setting CVar [[r.Shadow.MaxCSMResolution:2048]]
[2019.09.04-16.41.29:153][  0]LogConfig: Setting CVar [[r.Shadow.RadiusThreshold:0.01]]
[2019.09.04-16.41.29:153][  0]LogConfig: Setting CVar [[r.Shadow.DistanceScale:1.0]]
[2019.09.04-16.41.29:153][  0]LogConfig: Setting CVar [[r.Shadow.CSM.TransitionScale:1.0]]
[2019.09.04-16.41.29:153][  0]LogConfig: Setting CVar [[r.Shadow.PreShadowResolutionFactor:1.0]]
[2019.09.04-16.41.29:153][  0]LogConfig: Setting CVar [[r.DistanceFieldShadowing:1]]
[2019.09.04-16.41.29:153][  0]LogConfig: Setting CVar [[r.DistanceFieldAO:1]]
[2019.09.04-16.41.29:153][  0]LogConfig: Setting CVar [[r.AOQuality:2]]
[2019.09.04-16.41.29:153][  0]LogConfig: Setting CVar [[r.VolumetricFog:1]]
[2019.09.04-16.41.29:153][  0]LogConfig: Setting CVar [[r.VolumetricFog.GridPixelSize:8]]
[2019.09.04-16.41.29:153][  0]LogConfig: Setting CVar [[r.VolumetricFog.GridSizeZ:128]]
[2019.09.04-16.41.29:153][  0]LogConfig: Setting CVar [[r.VolumetricFog.HistoryMissSupersampleCount:4]]
[2019.09.04-16.41.29:153][  0]LogConfig: Setting CVar [[r.LightMaxDrawDistanceScale:1]]
[2019.09.04-16.41.29:153][  0]LogConfig: Setting CVar [[r.CapsuleShadows:1]]
[2019.09.04-16.41.29:153][  0]LogConfig: Applying CVar settings from Section [PostProcessQuality@3] File [C:/Users/jessz/codefellows/post/unreal_engine/CoinCollectorStarter/CoinCollectorStarter/Saved/Config/Windows/Scalability.ini]
[2019.09.04-16.41.29:154][  0]LogConfig: Setting CVar [[r.MotionBlurQuality:4]]
[2019.09.04-16.41.29:154][  0]LogConfig: Setting CVar [[r.AmbientOcclusionMipLevelFactor:0.4]]
[2019.09.04-16.41.29:154][  0]LogConfig: Setting CVar [[r.AmbientOcclusionMaxQuality:100]]
[2019.09.04-16.41.29:154][  0]LogConfig: Setting CVar [[r.AmbientOcclusionLevels:-1]]
[2019.09.04-16.41.29:154][  0]LogConfig: Setting CVar [[r.AmbientOcclusionRadiusScale:1.0]]
[2019.09.04-16.41.29:154][  0]LogConfig: Setting CVar [[r.DepthOfFieldQuality:2]]
[2019.09.04-16.41.29:154][  0]LogConfig: Setting CVar [[r.RenderTargetPoolMin:400]]
[2019.09.04-16.41.29:154][  0]LogConfig: Setting CVar [[r.LensFlareQuality:2]]
[2019.09.04-16.41.29:154][  0]LogConfig: Setting CVar [[r.SceneColorFringeQuality:1]]
[2019.09.04-16.41.29:154][  0]LogConfig: Setting CVar [[r.EyeAdaptationQuality:2]]
[2019.09.04-16.41.29:154][  0]LogConfig: Setting CVar [[r.BloomQuality:5]]
[2019.09.04-16.41.29:154][  0]LogConfig: Setting CVar [[r.FastBlurThreshold:100]]
[2019.09.04-16.41.29:154][  0]LogConfig: Setting CVar [[r.Upscale.Quality:3]]
[2019.09.04-16.41.29:154][  0]LogConfig: Setting CVar [[r.Tonemapper.GrainQuantization:1]]
[2019.09.04-16.41.29:154][  0]LogConfig: Setting CVar [[r.LightShaftQuality:1]]
[2019.09.04-16.41.29:154][  0]LogConfig: Setting CVar [[r.Filter.SizeScale:1]]
[2019.09.04-16.41.29:154][  0]LogConfig: Setting CVar [[r.Tonemapper.Quality:5]]
[2019.09.04-16.41.29:154][  0]LogConfig: Setting CVar [[r.DOF.Gather.AccumulatorQuality:1        ; higher gathering accumulator quality]]
[2019.09.04-16.41.29:154][  0]LogConfig: Setting CVar [[r.DOF.Gather.PostfilterMethod:1          ; Median3x3 postfilering method]]
[2019.09.04-16.41.29:154][  0]LogConfig: Setting CVar [[r.DOF.Gather.EnableBokehSettings:0       ; no bokeh simulation when gathering]]
[2019.09.04-16.41.29:154][  0]LogConfig: Setting CVar [[r.DOF.Gather.RingCount:4                 ; medium number of samples when gathering]]
[2019.09.04-16.41.29:154][  0]LogConfig: Setting CVar [[r.DOF.Scatter.ForegroundCompositing:1    ; additive foreground scattering]]
[2019.09.04-16.41.29:154][  0]LogConfig: Setting CVar [[r.DOF.Scatter.BackgroundCompositing:2    ; additive background scattering]]
[2019.09.04-16.41.29:154][  0]LogConfig: Setting CVar [[r.DOF.Scatter.EnableBokehSettings:1      ; bokeh simulation when scattering]]
[2019.09.04-16.41.29:154][  0]LogConfig: Setting CVar [[r.DOF.Scatter.MaxSpriteRatio:0.1         ; only a maximum of 10% of scattered bokeh]]
[2019.09.04-16.41.29:154][  0]LogConfig: Setting CVar [[r.DOF.Recombine.Quality:1                ; cheap slight out of focus]]
[2019.09.04-16.41.29:154][  0]LogConfig: Setting CVar [[r.DOF.Recombine.EnableBokehSettings:0    ; no bokeh simulation on slight out of focus]]
[2019.09.04-16.41.29:154][  0]LogConfig: Setting CVar [[r.DOF.TemporalAAQuality:1                ; more stable temporal accumulation]]
[2019.09.04-16.41.29:154][  0]LogConfig: Setting CVar [[r.DOF.Kernel.MaxForegroundRadius:0.025]]
[2019.09.04-16.41.29:154][  0]LogConfig: Setting CVar [[r.DOF.Kernel.MaxBackgroundRadius:0.025]]
[2019.09.04-16.41.29:154][  0]LogConfig: Applying CVar settings from Section [TextureQuality@3] File [C:/Users/jessz/codefellows/post/unreal_engine/CoinCollectorStarter/CoinCollectorStarter/Saved/Config/Windows/Scalability.ini]
[2019.09.04-16.41.29:154][  0]LogConfig: Setting CVar [[r.Streaming.MipBias:0]]
[2019.09.04-16.41.29:154][  0]LogConfig: Setting CVar [[r.Streaming.AmortizeCPUToGPUCopy:0]]
[2019.09.04-16.41.29:154][  0]LogConfig: Setting CVar [[r.Streaming.MaxNumTexturesToStreamPerFrame:0]]
[2019.09.04-16.41.29:154][  0]LogConfig: Setting CVar [[r.Streaming.Boost:1]]
[2019.09.04-16.41.29:154][  0]LogConfig: Setting CVar [[r.MaxAnisotropy:8]]
[2019.09.04-16.41.29:154][  0]LogConfig: Setting CVar [[r.Streaming.LimitPoolSizeToVRAM:0]]
[2019.09.04-16.41.29:154][  0]LogConfig: Setting CVar [[r.Streaming.PoolSize:1000]]
[2019.09.04-16.41.29:154][  0]LogConfig: Setting CVar [[r.Streaming.MaxEffectiveScreenSize:0]]
[2019.09.04-16.41.29:154][  0]LogConfig: Applying CVar settings from Section [EffectsQuality@3] File [C:/Users/jessz/codefellows/post/unreal_engine/CoinCollectorStarter/CoinCollectorStarter/Saved/Config/Windows/Scalability.ini]
[2019.09.04-16.41.29:154][  0]LogConfig: Setting CVar [[r.TranslucencyLightingVolumeDim:64]]
[2019.09.04-16.41.29:154][  0]LogConfig: Setting CVar [[r.RefractionQuality:2]]
[2019.09.04-16.41.29:154][  0]LogConfig: Setting CVar [[r.SSR.Quality:3]]
[2019.09.04-16.41.29:154][  0]LogConfig: Setting CVar [[r.SceneColorFormat:4]]
[2019.09.04-16.41.29:154][  0]LogConfig: Setting CVar [[r.DetailMode:2]]
[2019.09.04-16.41.29:154][  0]LogConfig: Setting CVar [[r.TranslucencyVolumeBlur:1]]
[2019.09.04-16.41.29:154][  0]LogConfig: Setting CVar [[r.MaterialQualityLevel:1 ; High quality]]
[2019.09.04-16.41.29:154][  0]LogConfig: Setting CVar [[r.SSS.Scale:1]]
[2019.09.04-16.41.29:154][  0]LogConfig: Setting CVar [[r.SSS.SampleSet:2]]
[2019.09.04-16.41.29:154][  0]LogConfig: Setting CVar [[r.SSS.Quality:1]]
[2019.09.04-16.41.29:154][  0]LogConfig: Setting CVar [[r.SSS.HalfRes:1]]
[2019.09.04-16.41.29:154][  0]LogConfig: Setting CVar [[r.EmitterSpawnRateScale:1.0]]
[2019.09.04-16.41.29:154][  0]LogConfig: Setting CVar [[r.ParticleLightQuality:2]]
[2019.09.04-16.41.29:154][  0]LogConfig: Applying CVar settings from Section [FoliageQuality@3] File [C:/Users/jessz/codefellows/post/unreal_engine/CoinCollectorStarter/CoinCollectorStarter/Saved/Config/Windows/Scalability.ini]
[2019.09.04-16.41.29:154][  0]LogConfig: Setting CVar [[foliage.DensityScale:1.0]]
[2019.09.04-16.41.29:154][  0]LogConfig: Setting CVar [[grass.DensityScale:1.0]]
[2019.09.04-16.41.29:154][  0]LogInit: Selected Device Profile: [Windows]
[2019.09.04-16.41.29:154][  0]LogInit: Applying CVar settings loaded from the selected device profile: [Windows]
[2019.09.04-16.41.29:173][  0]LogHAL: Display: Platform has ~ 8 GB [8459489280 / 8589934592 / 8], which maps to Default [LargestMinGB=32, LargerMinGB=12, DefaultMinGB=8, SmallerMinGB=6, SmallestMinGB=0)
[2019.09.04-16.41.29:173][  0]LogConfig: Setting CVar [[r.Vulkan.UseRealUBs:0		; Required until we fix HLR fall-out]]
[2019.09.04-16.41.29:173][  0]LogInit: Going up to parent DeviceProfile []
[2019.09.04-16.41.29:173][  0]LogConfig: Applying CVar settings from Section [ViewDistanceQuality@3] File [C:/Users/jessz/codefellows/post/unreal_engine/CoinCollectorStarter/CoinCollectorStarter/Saved/Config/Windows/Scalability.ini]
[2019.09.04-16.41.29:173][  0]LogConfig: Setting CVar [[r.SkeletalMeshLODBias:0]]
[2019.09.04-16.41.29:173][  0]LogConfig: Setting CVar [[r.ViewDistanceScale:1.0]]
[2019.09.04-16.41.29:173][  0]LogConfig: Applying CVar settings from Section [AntiAliasingQuality@3] File [C:/Users/jessz/codefellows/post/unreal_engine/CoinCollectorStarter/CoinCollectorStarter/Saved/Config/Windows/Scalability.ini]
[2019.09.04-16.41.29:173][  0]LogConfig: Setting CVar [[r.PostProcessAAQuality:4]]
[2019.09.04-16.41.29:173][  0]LogConfig: Applying CVar settings from Section [ShadowQuality@3] File [C:/Users/jessz/codefellows/post/unreal_engine/CoinCollectorStarter/CoinCollectorStarter/Saved/Config/Windows/Scalability.ini]
[2019.09.04-16.41.29:173][  0]LogConfig: Setting CVar [[r.LightFunctionQuality:1]]
[2019.09.04-16.41.29:173][  0]LogConfig: Setting CVar [[r.ShadowQuality:5]]
[2019.09.04-16.41.29:173][  0]LogConfig: Setting CVar [[r.Shadow.CSM.MaxCascades:10]]
[2019.09.04-16.41.29:173][  0]LogConfig: Setting CVar [[r.Shadow.MaxResolution:2048]]
[2019.09.04-16.41.29:173][  0]LogConfig: Setting CVar [[r.Shadow.MaxCSMResolution:2048]]
[2019.09.04-16.41.29:173][  0]LogConfig: Setting CVar [[r.Shadow.RadiusThreshold:0.01]]
[2019.09.04-16.41.29:173][  0]LogConfig: Setting CVar [[r.Shadow.DistanceScale:1.0]]
[2019.09.04-16.41.29:173][  0]LogConfig: Setting CVar [[r.Shadow.CSM.TransitionScale:1.0]]
[2019.09.04-16.41.29:173][  0]LogConfig: Setting CVar [[r.Shadow.PreShadowResolutionFactor:1.0]]
[2019.09.04-16.41.29:173][  0]LogConfig: Setting CVar [[r.DistanceFieldShadowing:1]]
[2019.09.04-16.41.29:173][  0]LogConfig: Setting CVar [[r.DistanceFieldAO:1]]
[2019.09.04-16.41.29:173][  0]LogConfig: Setting CVar [[r.AOQuality:2]]
[2019.09.04-16.41.29:173][  0]LogConfig: Setting CVar [[r.VolumetricFog:1]]
[2019.09.04-16.41.29:173][  0]LogConfig: Setting CVar [[r.VolumetricFog.GridPixelSize:8]]
[2019.09.04-16.41.29:173][  0]LogConfig: Setting CVar [[r.VolumetricFog.GridSizeZ:128]]
[2019.09.04-16.41.29:173][  0]LogConfig: Setting CVar [[r.VolumetricFog.HistoryMissSupersampleCount:4]]
[2019.09.04-16.41.29:173][  0]LogConfig: Setting CVar [[r.LightMaxDrawDistanceScale:1]]
[2019.09.04-16.41.29:174][  0]LogConfig: Setting CVar [[r.CapsuleShadows:1]]
[2019.09.04-16.41.29:174][  0]LogConfig: Applying CVar settings from Section [PostProcessQuality@3] File [C:/Users/jessz/codefellows/post/unreal_engine/CoinCollectorStarter/CoinCollectorStarter/Saved/Config/Windows/Scalability.ini]
[2019.09.04-16.41.29:174][  0]LogConfig: Setting CVar [[r.MotionBlurQuality:4]]
[2019.09.04-16.41.29:174][  0]LogConfig: Setting CVar [[r.AmbientOcclusionMipLevelFactor:0.4]]
[2019.09.04-16.41.29:174][  0]LogConfig: Setting CVar [[r.AmbientOcclusionMaxQuality:100]]
[2019.09.04-16.41.29:174][  0]LogConfig: Setting CVar [[r.AmbientOcclusionLevels:-1]]
[2019.09.04-16.41.29:174][  0]LogConfig: Setting CVar [[r.AmbientOcclusionRadiusScale:1.0]]
[2019.09.04-16.41.29:174][  0]LogConfig: Setting CVar [[r.DepthOfFieldQuality:2]]
[2019.09.04-16.41.29:174][  0]LogConfig: Setting CVar [[r.RenderTargetPoolMin:400]]
[2019.09.04-16.41.29:174][  0]LogConfig: Setting CVar [[r.LensFlareQuality:2]]
[2019.09.04-16.41.29:174][  0]LogConfig: Setting CVar [[r.SceneColorFringeQuality:1]]
[2019.09.04-16.41.29:174][  0]LogConfig: Setting CVar [[r.EyeAdaptationQuality:2]]
[2019.09.04-16.41.29:174][  0]LogConfig: Setting CVar [[r.BloomQuality:5]]
[2019.09.04-16.41.29:174][  0]LogConfig: Setting CVar [[r.FastBlurThreshold:100]]
[2019.09.04-16.41.29:174][  0]LogConfig: Setting CVar [[r.Upscale.Quality:3]]
[2019.09.04-16.41.29:174][  0]LogConfig: Setting CVar [[r.Tonemapper.GrainQuantization:1]]
[2019.09.04-16.41.29:174][  0]LogConfig: Setting CVar [[r.LightShaftQuality:1]]
[2019.09.04-16.41.29:174][  0]LogConfig: Setting CVar [[r.Filter.SizeScale:1]]
[2019.09.04-16.41.29:174][  0]LogConfig: Setting CVar [[r.Tonemapper.Quality:5]]
[2019.09.04-16.41.29:174][  0]LogConfig: Setting CVar [[r.DOF.Gather.AccumulatorQuality:1        ; higher gathering accumulator quality]]
[2019.09.04-16.41.29:174][  0]LogConfig: Setting CVar [[r.DOF.Gather.PostfilterMethod:1          ; Median3x3 postfilering method]]
[2019.09.04-16.41.29:174][  0]LogConfig: Setting CVar [[r.DOF.Gather.EnableBokehSettings:0       ; no bokeh simulation when gathering]]
[2019.09.04-16.41.29:174][  0]LogConfig: Setting CVar [[r.DOF.Gather.RingCount:4                 ; medium number of samples when gathering]]
[2019.09.04-16.41.29:174][  0]LogConfig: Setting CVar [[r.DOF.Scatter.ForegroundCompositing:1    ; additive foreground scattering]]
[2019.09.04-16.41.29:174][  0]LogConfig: Setting CVar [[r.DOF.Scatter.BackgroundCompositing:2    ; additive background scattering]]
[2019.09.04-16.41.29:174][  0]LogConfig: Setting CVar [[r.DOF.Scatter.EnableBokehSettings:1      ; bokeh simulation when scattering]]
[2019.09.04-16.41.29:174][  0]LogConfig: Setting CVar [[r.DOF.Scatter.MaxSpriteRatio:0.1         ; only a maximum of 10% of scattered bokeh]]
[2019.09.04-16.41.29:174][  0]LogConfig: Setting CVar [[r.DOF.Recombine.Quality:1                ; cheap slight out of focus]]
[2019.09.04-16.41.29:174][  0]LogConfig: Setting CVar [[r.DOF.Recombine.EnableBokehSettings:0    ; no bokeh simulation on slight out of focus]]
[2019.09.04-16.41.29:174][  0]LogConfig: Setting CVar [[r.DOF.TemporalAAQuality:1                ; more stable temporal accumulation]]
[2019.09.04-16.41.29:174][  0]LogConfig: Setting CVar [[r.DOF.Kernel.MaxForegroundRadius:0.025]]
[2019.09.04-16.41.29:174][  0]LogConfig: Setting CVar [[r.DOF.Kernel.MaxBackgroundRadius:0.025]]
[2019.09.04-16.41.29:174][  0]LogConfig: Applying CVar settings from Section [TextureQuality@3] File [C:/Users/jessz/codefellows/post/unreal_engine/CoinCollectorStarter/CoinCollectorStarter/Saved/Config/Windows/Scalability.ini]
[2019.09.04-16.41.29:174][  0]LogConfig: Setting CVar [[r.Streaming.MipBias:0]]
[2019.09.04-16.41.29:174][  0]LogConfig: Setting CVar [[r.Streaming.AmortizeCPUToGPUCopy:0]]
[2019.09.04-16.41.29:174][  0]LogConfig: Setting CVar [[r.Streaming.MaxNumTexturesToStreamPerFrame:0]]
[2019.09.04-16.41.29:174][  0]LogConfig: Setting CVar [[r.Streaming.Boost:1]]
[2019.09.04-16.41.29:174][  0]LogConfig: Setting CVar [[r.MaxAnisotropy:8]]
[2019.09.04-16.41.29:174][  0]LogConfig: Setting CVar [[r.Streaming.LimitPoolSizeToVRAM:0]]
[2019.09.04-16.41.29:174][  0]LogConfig: Setting CVar [[r.Streaming.PoolSize:1000]]
[2019.09.04-16.41.29:174][  0]LogConfig: Setting CVar [[r.Streaming.MaxEffectiveScreenSize:0]]
[2019.09.04-16.41.29:174][  0]LogConfig: Applying CVar settings from Section [EffectsQuality@3] File [C:/Users/jessz/codefellows/post/unreal_engine/CoinCollectorStarter/CoinCollectorStarter/Saved/Config/Windows/Scalability.ini]
[2019.09.04-16.41.29:174][  0]LogConfig: Setting CVar [[r.TranslucencyLightingVolumeDim:64]]
[2019.09.04-16.41.29:174][  0]LogConfig: Setting CVar [[r.RefractionQuality:2]]
[2019.09.04-16.41.29:174][  0]LogConfig: Setting CVar [[r.SSR.Quality:3]]
[2019.09.04-16.41.29:174][  0]LogConfig: Setting CVar [[r.SceneColorFormat:4]]
[2019.09.04-16.41.29:174][  0]LogConfig: Setting CVar [[r.DetailMode:2]]
[2019.09.04-16.41.29:174][  0]LogConfig: Setting CVar [[r.TranslucencyVolumeBlur:1]]
[2019.09.04-16.41.29:174][  0]LogConfig: Setting CVar [[r.MaterialQualityLevel:1 ; High quality]]
[2019.09.04-16.41.29:174][  0]LogConfig: Setting CVar [[r.SSS.Scale:1]]
[2019.09.04-16.41.29:174][  0]LogConfig: Setting CVar [[r.SSS.SampleSet:2]]
[2019.09.04-16.41.29:174][  0]LogConfig: Setting CVar [[r.SSS.Quality:1]]
[2019.09.04-16.41.29:174][  0]LogConfig: Setting CVar [[r.SSS.HalfRes:1]]
[2019.09.04-16.41.29:174][  0]LogConfig: Setting CVar [[r.EmitterSpawnRateScale:1.0]]
[2019.09.04-16.41.29:174][  0]LogConfig: Setting CVar [[r.ParticleLightQuality:2]]
[2019.09.04-16.41.29:174][  0]LogConfig: Applying CVar settings from Section [FoliageQuality@3] File [C:/Users/jessz/codefellows/post/unreal_engine/CoinCollectorStarter/CoinCollectorStarter/Saved/Config/Windows/Scalability.ini]
[2019.09.04-16.41.29:174][  0]LogConfig: Setting CVar [[foliage.DensityScale:1.0]]
[2019.09.04-16.41.29:174][  0]LogConfig: Setting CVar [[grass.DensityScale:1.0]]
[2019.09.04-16.41.29:174][  0]LogConfig: Applying CVar settings from Section [Startup] File [../../../Engine/Config/ConsoleVariables.ini]
[2019.09.04-16.41.29:174][  0]LogConfig: Setting CVar [[net.UseAdaptiveNetUpdateFrequency:0]]
[2019.09.04-16.41.29:174][  0]LogConfig: Setting CVar [[p.chaos.AllowCreatePhysxBodies:1]]
[2019.09.04-16.41.29:174][  0]LogConfig: Applying CVar settings from Section [ConsoleVariables] File [C:/Users/jessz/codefellows/post/unreal_engine/CoinCollectorStarter/CoinCollectorStarter/Saved/Config/Windows/Engine.ini]
[2019.09.04-16.41.29:175][  0]LogInit: Computer: LAPTOP-CJH5E3N4
[2019.09.04-16.41.29:175][  0]LogInit: User: jessz
[2019.09.04-16.41.29:175][  0]LogInit: CPU Page size=4096, Cores=4
[2019.09.04-16.41.29:175][  0]LogInit: High frequency timer resolution =10.000000 MHz
[2019.09.04-16.41.29:175][  0]LogMemory: Memory total: Physical=7.9GB (8GB approx)
[2019.09.04-16.41.29:175][  0]LogMemory: Platform Memory Stats for Windows
[2019.09.04-16.41.29:175][  0]LogMemory: Process Physical Memory: 96.00 MB used, 96.00 MB peak
[2019.09.04-16.41.29:175][  0]LogMemory: Process Virtual Memory: 90.50 MB used, 90.50 MB peak
[2019.09.04-16.41.29:175][  0]LogMemory: Physical Memory: 6767.75 MB used,  1299.85 MB free, 8067.60 MB total
[2019.09.04-16.41.29:175][  0]LogMemory: Virtual Memory: 4657.95 MB used,  134213072.00 MB free, 134217728.00 MB total
[2019.09.04-16.41.29:198][  0]LogInit: Using OS detected language (en-US).
[2019.09.04-16.41.29:198][  0]LogInit: Using OS detected locale (en-US).
[2019.09.04-16.41.29:199][  0]LogTextLocalizationManager: No specific localization for 'en-US' exists, so the 'en' localization will be used.
[2019.09.04-16.41.29:370][  0]LogInit: Setting process to per monitor DPI aware
[2019.09.04-16.41.29:409][  0]LogSlate: New Slate User Created.  User Index 0, Is Virtual User: 0
[2019.09.04-16.41.29:409][  0]LogSlate: Slate User Registered.  User Index 0, Is Virtual User: 0
[2019.09.04-16.41.29:609][  0]LogHMD: Failed to initialize OpenVR with code 110
[2019.09.04-16.41.29:609][  0]LogD3D11RHI: D3D11 adapters:
[2019.09.04-16.41.29:669][  0]LogD3D11RHI:    0. 'NVIDIA GeForce MX150' (Feature Level 11_0)
[2019.09.04-16.41.29:669][  0]LogD3D11RHI:       1994/0/4033 MB DedicatedVideo/DedicatedSystem/SharedSystem, Outputs:1, VendorId:0x10de
[2019.09.04-16.41.29:680][  0]LogD3D11RHI:    1. 'Intel(R) UHD Graphics 620' (Feature Level 11_0)
[2019.09.04-16.41.29:680][  0]LogD3D11RHI:       128/0/4033 MB DedicatedVideo/DedicatedSystem/SharedSystem, Outputs:0, VendorId:0x8086
[2019.09.04-16.41.29:681][  0]LogD3D11RHI:    2. 'Microsoft Basic Render Driver' (Feature Level 11_0)
[2019.09.04-16.41.29:682][  0]LogD3D11RHI:       0/0/4033 MB DedicatedVideo/DedicatedSystem/SharedSystem, Outputs:0, VendorId:0x1414
[2019.09.04-16.41.29:682][  0]LogD3D11RHI: Chosen D3D11 Adapter: 0
[2019.09.04-16.41.29:712][  0]LogD3D11RHI: Creating new Direct3DDevice
[2019.09.04-16.41.29:712][  0]LogD3D11RHI:     GPU DeviceId: 0x1d10 (for the marketing name, search the web for "GPU Device Id")
[2019.09.04-16.41.29:712][  0]LogWindows: EnumDisplayDevices:
[2019.09.04-16.41.29:712][  0]LogWindows:    0. 'Intel(R) UHD Graphics 620' (P:1 D:1)
[2019.09.04-16.41.29:712][  0]LogWindows:    1. 'Intel(R) UHD Graphics 620' (P:0 D:0)
[2019.09.04-16.41.29:713][  0]LogWindows:    2. 'Intel(R) UHD Graphics 620' (P:0 D:0)
[2019.09.04-16.41.29:713][  0]LogWindows: DebugString: PrimaryIsNotTheChoosenAdapter PrimaryIsNotTheChoosenAdapter PrimaryIsNotTheChoosenAdapter FoundDriverCount:0 
[2019.09.04-16.41.29:713][  0]LogD3D11RHI:     Adapter Name: NVIDIA GeForce MX150
[2019.09.04-16.41.29:713][  0]LogD3D11RHI:   Driver Version: Unknown (internal:Unknown, unified:Unknown)
[2019.09.04-16.41.29:713][  0]LogD3D11RHI:      Driver Date: Unknown
[2019.09.04-16.41.29:713][  0]LogRHI: Texture pool is 1396 MB (70% of 1994 MB)
[2019.09.04-16.41.29:744][  0]LogD3D11RHI: Async texture creation enabled
[2019.09.04-16.41.29:747][  0]LogRendererCore: FGlobalReadBuffer::InitRHI
[2019.09.04-16.41.29:747][  0]LogRendererCore: FGlobalReadBuffer::InitRHI
[2019.09.04-16.41.29:747][  0]LogRendererCore: FGlobalReadBuffer::InitRHI
[2019.09.04-16.41.29:761][  0]LogD3D11RHI: GPU Timing Frequency: 1000.000000 (Debug: 2 2)
[2019.09.04-16.41.30:062][  0]LogTemp: Display: Module 'AllDesktopTargetPlatform' loaded TargetPlatform 'AllDesktop'
[2019.09.04-16.41.30:075][  0]LogTemp: Display: Module 'MacClientTargetPlatform' loaded TargetPlatform 'MacClient'
[2019.09.04-16.41.30:091][  0]LogTemp: Display: Module 'MacNoEditorTargetPlatform' loaded TargetPlatform 'MacNoEditor'
[2019.09.04-16.41.30:107][  0]LogTemp: Display: Module 'MacServerTargetPlatform' loaded TargetPlatform 'MacServer'
[2019.09.04-16.41.30:124][  0]LogTemp: Display: Module 'MacTargetPlatform' loaded TargetPlatform 'Mac'
[2019.09.04-16.41.30:145][  0]LogTemp: Display: Module 'WindowsClientTargetPlatform' loaded TargetPlatform 'WindowsClient'
[2019.09.04-16.41.30:159][  0]LogTemp: Display: Module 'WindowsNoEditorTargetPlatform' loaded TargetPlatform 'WindowsNoEditor'
[2019.09.04-16.41.30:171][  0]LogTemp: Display: Module 'WindowsServerTargetPlatform' loaded TargetPlatform 'WindowsServer'
[2019.09.04-16.41.30:178][  0]LogTemp: Display: Module 'WindowsTargetPlatform' loaded TargetPlatform 'Windows'
[2019.09.04-16.41.30:250][  0]LogTemp: Display: Module 'AndroidTargetPlatform' loaded TargetPlatform 'Android'
[2019.09.04-16.41.30:250][  0]LogTemp: Display: Module 'AndroidTargetPlatform' loaded TargetPlatform 'Android_ASTC'
[2019.09.04-16.41.30:250][  0]LogTemp: Display: Module 'AndroidTargetPlatform' loaded TargetPlatform 'Android_ATC'
[2019.09.04-16.41.30:250][  0]LogTemp: Display: Module 'AndroidTargetPlatform' loaded TargetPlatform 'Android_DXT'
[2019.09.04-16.41.30:250][  0]LogTemp: Display: Module 'AndroidTargetPlatform' loaded TargetPlatform 'Android_ETC1'
[2019.09.04-16.41.30:250][  0]LogTemp: Display: Module 'AndroidTargetPlatform' loaded TargetPlatform 'Android_ETC1a'
[2019.09.04-16.41.30:250][  0]LogTemp: Display: Module 'AndroidTargetPlatform' loaded TargetPlatform 'Android_ETC2'
[2019.09.04-16.41.30:250][  0]LogTemp: Display: Module 'AndroidTargetPlatform' loaded TargetPlatform 'Android_PVRTC'
[2019.09.04-16.41.30:250][  0]LogTemp: Display: Module 'AndroidTargetPlatform' loaded TargetPlatform 'AndroidClient'
[2019.09.04-16.41.30:250][  0]LogTemp: Display: Module 'AndroidTargetPlatform' loaded TargetPlatform 'Android_ASTCClient'
[2019.09.04-16.41.30:250][  0]LogTemp: Display: Module 'AndroidTargetPlatform' loaded TargetPlatform 'Android_ATCClient'
[2019.09.04-16.41.30:251][  0]LogTemp: Display: Module 'AndroidTargetPlatform' loaded TargetPlatform 'Android_DXTClient'
[2019.09.04-16.41.30:251][  0]LogTemp: Display: Module 'AndroidTargetPlatform' loaded TargetPlatform 'Android_ETC1Client'
[2019.09.04-16.41.30:251][  0]LogTemp: Display: Module 'AndroidTargetPlatform' loaded TargetPlatform 'Android_ETC1aClient'
[2019.09.04-16.41.30:251][  0]LogTemp: Display: Module 'AndroidTargetPlatform' loaded TargetPlatform 'Android_ETC2Client'
[2019.09.04-16.41.30:251][  0]LogTemp: Display: Module 'AndroidTargetPlatform' loaded TargetPlatform 'Android_PVRTCClient'
[2019.09.04-16.41.30:251][  0]LogTemp: Display: Module 'AndroidTargetPlatform' loaded TargetPlatform 'Android_Multi'
[2019.09.04-16.41.30:251][  0]LogTemp: Display: Module 'AndroidTargetPlatform' loaded TargetPlatform 'Android_MultiClient'
[2019.09.04-16.41.30:252][  0]LogTemp: Display: Module 'HTML5TargetPlatform' loaded TargetPlatform 'HTML5'
[2019.09.04-16.41.30:301][  0]LogTemp: Display: Module 'IOSTargetPlatform' loaded TargetPlatform 'IOSClient'
[2019.09.04-16.41.30:301][  0]LogTemp: Display: Module 'IOSTargetPlatform' loaded TargetPlatform 'IOS'
[2019.09.04-16.41.30:323][  0]LogTemp: Display: Module 'TVOSTargetPlatform' loaded TargetPlatform 'TVOSClient'
[2019.09.04-16.41.30:323][  0]LogTemp: Display: Module 'TVOSTargetPlatform' loaded TargetPlatform 'TVOS'
[2019.09.04-16.41.30:334][  0]LogTemp: Display: Module 'LinuxClientTargetPlatform' loaded TargetPlatform 'LinuxClient'
[2019.09.04-16.41.30:345][  0]LogTemp: Display: Module 'LinuxNoEditorTargetPlatform' loaded TargetPlatform 'LinuxNoEditor'
[2019.09.04-16.41.30:356][  0]LogTemp: Display: Module 'LinuxServerTargetPlatform' loaded TargetPlatform 'LinuxServer'
[2019.09.04-16.41.30:368][  0]LogTemp: Display: Module 'LinuxTargetPlatform' loaded TargetPlatform 'Linux'
[2019.09.04-16.41.30:411][  0]LogTemp: Display: Module 'LuminTargetPlatform' loaded TargetPlatform 'Lumin'
[2019.09.04-16.41.30:411][  0]LogTemp: Display: Module 'LuminTargetPlatform' loaded TargetPlatform 'LuminClient'
[2019.09.04-16.41.30:411][  0]LogTargetPlatformManager: Display: Building Assets For Windows
[2019.09.04-16.41.30:419][  0]LogAudioDebug: Display: Lib vorbis DLL was dynamically loaded.
[2019.09.04-16.41.30:466][  0]LogShaderCompilers: Guid format shader working directory is -57 characters bigger than the processId version (../../../../../../Users/jessz/codefellows/post/unreal_engine/CoinCollectorStarter/CoinCollectorStarter/Intermediate/Shaders/WorkingDirectory/34932/).
[2019.09.04-16.41.30:466][  0]LogShaderCompilers: Cleaned the shader compiler working directory 'C:/Users/jessz/AppData/Local/Temp/UnrealShaderWorkingDir/97735BF546B7441AE8261F8052725477/'.
[2019.09.04-16.41.30:468][  0]LogXGEController: Cannot use XGE Controller as Incredibuild is not installed on this machine.
[2019.09.04-16.41.30:468][  0]LogShaderCompilers: Cannot use XGE Shader Compiler as Incredibuild is not installed on this machine.
[2019.09.04-16.41.30:468][  0]LogShaderCompilers: Display: Using Local Shader Compiler.
[2019.09.04-16.41.30:954][  0]LogDerivedDataCache: Display: Max Cache Size: 512 MB
[2019.09.04-16.41.30:996][  0]LogDerivedDataCache: Loaded boot cache 0.04s 71MB C:/Users/jessz/AppData/Local/UnrealEngine/4.22/DerivedDataCache/Boot.ddc.
[2019.09.04-16.41.30:996][  0]LogDerivedDataCache: Display: Loaded Boot cache: C:/Users/jessz/AppData/Local/UnrealEngine/4.22/DerivedDataCache/Boot.ddc
[2019.09.04-16.41.30:996][  0]LogDerivedDataCache: FDerivedDataBackendGraph:  Pak pak cache file ../../../../../../Users/jessz/codefellows/post/unreal_engine/CoinCollectorStarter/CoinCollectorStarter/DerivedDataCache/DDC.ddp not found, will not use a pak cache.
[2019.09.04-16.41.30:996][  0]LogDerivedDataCache: Unable to find inner node Pak for hierarchical cache Hierarchy.
[2019.09.04-16.41.30:996][  0]LogDerivedDataCache: FDerivedDataBackendGraph:  CompressedPak pak cache file ../../../../../../Users/jessz/codefellows/post/unreal_engine/CoinCollectorStarter/CoinCollectorStarter/DerivedDataCache/Compressed.ddp not found, will not use a pak cache.
[2019.09.04-16.41.30:996][  0]LogDerivedDataCache: Unable to find inner node CompressedPak for hierarchical cache Hierarchy.
[2019.09.04-16.41.31:007][  0]LogDerivedDataCache: Display: Pak cache opened for reading ../../../Engine/DerivedDataCache/Compressed.ddp.
[2019.09.04-16.41.31:007][  0]LogDerivedDataCache: FDerivedDataBackendGraph:  EnterprisePak pak cache file ../../../Enterprise/DerivedDataCache/Compressed.ddp not found, will not use a pak cache.
[2019.09.04-16.41.31:007][  0]LogDerivedDataCache: Unable to find inner node EnterprisePak for hierarchical cache Hierarchy.
[2019.09.04-16.41.31:020][  0]LogDerivedDataCache: Using Local data cache path C:/Users/jessz/AppData/Local/UnrealEngine/Common/DerivedDataCache: Writable
[2019.09.04-16.41.31:020][  0]LogDerivedDataCache: Shared data cache path not found in *engine.ini, will not use an Shared cache.
[2019.09.04-16.41.31:020][  0]LogDerivedDataCache: Unable to find inner node Shared for hierarchical cache Hierarchy.
[2019.09.04-16.41.31:039][  0]LogMaterial: Verifying Global Shaders for PCD3D_SM5
[2019.09.04-16.41.31:040][  0]LogSlate: Using FreeType 2.6.0
[2019.09.04-16.41.31:041][  0]LogSlate: SlateFontServices - WITH_FREETYPE: 1, WITH_HARFBUZZ: 1
[2019.09.04-16.41.31:118][  0]LogAssetRegistry: FAssetRegistry took 0.0320 seconds to start up
[2019.09.04-16.41.31:419][  0]LogInit: Selected Device Profile: [Windows]
[2019.09.04-16.41.31:544][  0]LogMeshReduction: Using QuadricMeshReduction for automatic static mesh reduction
[2019.09.04-16.41.31:544][  0]LogMeshReduction: Using SimplygonMeshReduction for automatic skeletal mesh reduction
[2019.09.04-16.41.31:544][  0]LogMeshReduction: Using ProxyLODMeshReduction for automatic mesh merging
[2019.09.04-16.41.31:544][  0]LogMeshReduction: No distributed automatic mesh merging module available
[2019.09.04-16.41.31:544][  0]LogMeshMerging: No distributed automatic mesh merging module available
[2019.09.04-16.41.31:555][  0]LogNetVersion: CoinCollector 1.0.0, NetCL: 5660361, EngineNetVer: 10, GameNetVer: 0 (Checksum: 3003534097)
[2019.09.04-16.41.31:970][  0]LogPackageLocalizationCache: Processed 10 localized package path(s) for 1 prioritized culture(s) in 0.053355 seconds
[2019.09.04-16.41.31:976][  0]LogUObjectArray: 42205 objects as part of root set at end of initial load.
[2019.09.04-16.41.31:976][  0]LogUObjectAllocator: 7325032 out of 0 bytes used by permanent object pool.
[2019.09.04-16.41.31:976][  0]LogUObjectArray: CloseDisregardForGC: 0/0 objects in disregard for GC pool
[2019.09.04-16.41.32:722][  0]LogTcpMessaging: Initializing TcpMessaging bridge
[2019.09.04-16.41.32:735][  0]LogUdpMessaging: Initializing bridge on interface 0.0.0.0:0 to multicast group 230.0.0.1:6666.
[2019.09.04-16.41.32:887][  0]SourceControl: Source control is disabled
[2019.09.04-16.41.32:887][  0]SourceControl: Source control is disabled
[2019.09.04-16.41.32:889][  0]SourceControl: Source control is disabled
[2019.09.04-16.41.32:889][  0]SourceControl: Source control is disabled
[2019.09.04-16.41.32:956][  0]LogAndroidPermission: UAndroidPermissionCallbackProxy::GetInstance
[2019.09.04-16.41.33:017][  0]LogOcInput: OculusInput pre-init called
[2019.09.04-16.41.33:619][  0]LogEngine: Initializing Engine...
[2019.09.04-16.41.33:620][  0]LogHMD: Failed to initialize OpenVR with code 110
[2019.09.04-16.41.33:621][  0]LogStats: UGameplayTagsManager::InitializeManager -  0.000 s
[2019.09.04-16.41.33:799][  0]LogInit: Initializing FReadOnlyCVARCache
[2019.09.04-16.41.33:812][  0]LogAIModule: Creating AISystem for world Untitled
[2019.09.04-16.41.33:864][  0]LogInit: XAudio2 using 'Speakers (Realtek High Definition Audio(SST))' : 2 channels at 48 kHz using 32 bits per sample (channel mask 0x3)
[2019.09.04-16.41.34:363][  0]LogInit: FAudioDevice initialized.
[2019.09.04-16.41.34:364][  0]LogNetVersion: Set ProjectVersion to 1.0.0.0. Version Checksum will be recalculated on next use.
[2019.09.04-16.41.34:459][  0]LogDerivedDataCache: Saved boot cache 0.10s 71MB C:/Users/jessz/AppData/Local/UnrealEngine/4.22/DerivedDataCache/Boot.ddc.
[2019.09.04-16.41.34:476][  0]LogInit: Texture streaming: Enabled
[2019.09.04-16.41.34:496][  0]LogEngineSessionManager: EngineSessionManager initialized
[2019.09.04-16.41.34:521][  0]LogInit: Transaction tracking system initialized
[2019.09.04-16.41.34:545][  0]BlueprintLog: New page: Editor Load
[2019.09.04-16.41.34:623][  0]LocalizationService: Localization service is disabled
[2019.09.04-16.41.34:915][  0]LogFileCache: Scanning file cache for directory 'C:/Users/jessz/codefellows/post/unreal_engine/CoinCollectorStarter/CoinCollectorStarter/Content/' took 0.02s
[2019.09.04-16.41.34:915][  0]LogCook: Display: Max memory allowance for cook 16384mb min free memory 0mb
[2019.09.04-16.41.34:915][  0]LogCook: Display: Mobile HDR setting 1
[2019.09.04-16.41.35:072][  0]SourceControl: Source control is disabled
[2019.09.04-16.41.35:076][  0]LightingResults: New page: Lighting Build
[2019.09.04-16.41.35:080][  0]MapCheck: New page: Map Check
[2019.09.04-16.41.35:080][  0]LightingResults: New page: Lighting Build
[2019.09.04-16.41.35:105][  0]LogUObjectHash: Compacting FUObjectHashTables data took   1.39ms
[2019.09.04-16.41.35:437][  0]LogAIModule: Creating AISystem for world TutorialMap
[2019.09.04-16.41.35:445][  0]LogEditorServer: Finished looking for orphan Actors (0.000 secs)
[2019.09.04-16.41.35:469][  0]LogUObjectHash: Compacting FUObjectHashTables data took   1.79ms
[2019.09.04-16.41.35:470][  0]Cmd: MAP CHECKDEP NOCLEARLOG
[2019.09.04-16.41.35:470][  0]MapCheck: Map check complete: 0 Error(s), 0 Warning(s), took 0.16ms to complete.
[2019.09.04-16.41.35:470][  0]LogFileHelpers: Loading map 'TutorialMap' took 0.398
[2019.09.04-16.41.35:786][  0]LogSlate: Updating window title bar state: overlay mode, drag disabled, window buttons hidden, title bar hidden
[2019.09.04-16.41.35:798][  0]LogSlate: Updating window title bar state: overlay mode, drag disabled, window buttons hidden, title bar hidden
[2019.09.04-16.41.35:804][  0]LogSlate: Updating window title bar state: overlay mode, drag disabled, window buttons hidden, title bar hidden
[2019.09.04-16.41.35:811][  0]LogSlate: Updating window title bar state: overlay mode, drag disabled, window buttons hidden, title bar hidden
[2019.09.04-16.41.35:838][  0]LogCollectionManager: Loaded 0 collections in 0.002171 seconds
[2019.09.04-16.41.35:892][  0]LogFileCache: Scanning file cache for directory 'C:/Users/jessz/codefellows/post/unreal_engine/CoinCollectorStarter/CoinCollectorStarter/Saved/Collections/' took 0.01s
[2019.09.04-16.41.35:892][  0]LogFileCache: Scanning file cache for directory 'C:/Users/jessz/codefellows/post/unreal_engine/CoinCollectorStarter/CoinCollectorStarter/Content/Developers/jessz/Collections/' took 0.00s
[2019.09.04-16.41.35:892][  0]LogFileCache: Scanning file cache for directory 'C:/Users/jessz/codefellows/post/unreal_engine/CoinCollectorStarter/CoinCollectorStarter/Content/Collections/' took 0.00s
[2019.09.04-16.41.35:892][  0]LogCollectionManager: Rebuilt the GUID cache for 0 collections in 0.000000 seconds
[2019.09.04-16.41.35:906][  0]LogContentBrowser: Native class hierarchy populated in 0.0108 seconds. Added 2734 classes and 661 folders.
[2019.09.04-16.41.35:929][  0]LogContentBrowser: Native class hierarchy updated for 'WidgetCarousel' in 0.0004 seconds. Added 0 classes and 0 folders.
[2019.09.04-16.41.35:942][  0]LogPakFile: Registered encryption key '00000000000000000000000000000000': 0 pak files mounted, 0 remain pending
[2019.09.04-16.41.35:953][  0]LogPakFile: Registered encryption key '00000000000000000000000000000000': 0 pak files mounted, 0 remain pending
[2019.09.04-16.41.35:974][  0]LogPakFile: Registered encryption key '00000000000000000000000000000000': 0 pak files mounted, 0 remain pending
[2019.09.04-16.41.35:981][  0]LogPakFile: Registered encryption key '00000000000000000000000000000000': 0 pak files mounted, 0 remain pending
[2019.09.04-16.41.35:988][  0]LogPakFile: Registered encryption key '00000000000000000000000000000000': 0 pak files mounted, 0 remain pending
[2019.09.04-16.41.35:994][  0]LogPakFile: Registered encryption key '00000000000000000000000000000000': 0 pak files mounted, 0 remain pending
[2019.09.04-16.41.36:001][  0]LogPakFile: Registered encryption key '00000000000000000000000000000000': 0 pak files mounted, 0 remain pending
[2019.09.04-16.41.36:007][  0]LogPakFile: Registered encryption key '00000000000000000000000000000000': 0 pak files mounted, 0 remain pending
[2019.09.04-16.41.36:013][  0]LogPakFile: Registered encryption key '00000000000000000000000000000000': 0 pak files mounted, 0 remain pending
[2019.09.04-16.41.36:023][  0]LogPakFile: Registered encryption key '00000000000000000000000000000000': 0 pak files mounted, 0 remain pending
[2019.09.04-16.41.36:031][  0]LogPakFile: Registered encryption key '00000000000000000000000000000000': 0 pak files mounted, 0 remain pending
[2019.09.04-16.41.36:036][  0]LogPakFile: Registered encryption key '00000000000000000000000000000000': 0 pak files mounted, 0 remain pending
[2019.09.04-16.41.36:043][  0]LogPakFile: Registered encryption key '00000000000000000000000000000000': 0 pak files mounted, 0 remain pending
[2019.09.04-16.41.36:053][  0]LogPakFile: Registered encryption key '00000000000000000000000000000000': 0 pak files mounted, 0 remain pending
[2019.09.04-16.41.36:060][  0]LogPakFile: Registered encryption key '00000000000000000000000000000000': 0 pak files mounted, 0 remain pending
[2019.09.04-16.41.36:065][  0]LogPakFile: Registered encryption key '00000000000000000000000000000000': 0 pak files mounted, 0 remain pending
[2019.09.04-16.41.36:091][  0]LogPakFile: Registered encryption key '00000000000000000000000000000000': 0 pak files mounted, 0 remain pending
[2019.09.04-16.41.36:098][  0]LogPakFile: Registered encryption key '00000000000000000000000000000000': 0 pak files mounted, 0 remain pending
[2019.09.04-16.41.36:103][  0]LogPakFile: Registered encryption key '00000000000000000000000000000000': 0 pak files mounted, 0 remain pending
[2019.09.04-16.41.36:111][  0]LogPakFile: Registered encryption key '00000000000000000000000000000000': 0 pak files mounted, 0 remain pending
[2019.09.04-16.41.36:117][  0]LogPakFile: Registered encryption key '00000000000000000000000000000000': 0 pak files mounted, 0 remain pending
[2019.09.04-16.41.36:122][  0]LogPakFile: Registered encryption key '00000000000000000000000000000000': 0 pak files mounted, 0 remain pending
[2019.09.04-16.41.36:132][  0]LogPakFile: Registered encryption key '00000000000000000000000000000000': 0 pak files mounted, 0 remain pending
[2019.09.04-16.41.36:138][  0]LogPakFile: Registered encryption key '00000000000000000000000000000000': 0 pak files mounted, 0 remain pending
[2019.09.04-16.41.36:145][  0]LogPakFile: Registered encryption key '00000000000000000000000000000000': 0 pak files mounted, 0 remain pending
[2019.09.04-16.41.36:153][  0]LogPakFile: Registered encryption key '00000000000000000000000000000000': 0 pak files mounted, 0 remain pending
[2019.09.04-16.41.36:392][  0]LogContentBrowser: Native class hierarchy updated for 'AddContentDialog' in 0.0004 seconds. Added 0 classes and 0 folders.
[2019.09.04-16.41.36:420][  0]LogContentBrowser: Native class hierarchy updated for 'SceneOutliner' in 0.0004 seconds. Added 1 classes and 2 folders.
[2019.09.04-16.41.38:453][  0]LogSlate: Only BGRA pngs, bmps or icos are supported in by External Image Picker
[2019.09.04-16.41.38:520][  0]LogContentBrowser: Native class hierarchy updated for 'HierarchicalLODOutliner' in 0.0004 seconds. Added 0 classes and 0 folders.
[2019.09.04-16.41.38:520][  0]LogLoad: (Engine Initialization) Total time: 11.35 seconds
[2019.09.04-16.41.38:520][  0]LogLoad: (Engine Initialization) Total Blueprint compile time: 0.00 seconds
[2019.09.04-16.41.38:763][  0]LogRenderer: Reallocating scene render targets to support 64x64 Format 10 NumSamples 1 (Frame:1).
[2019.09.04-16.41.38:763][  0]LogAssetRegistry: Asset discovery search completed in 7.6674 seconds
[2019.09.04-16.41.38:765][  0]LogCollectionManager: Rebuilt the object cache for 0 collections in 0.000000 seconds (found 0 objects)
[2019.09.04-16.41.38:765][  0]LogCollectionManager: Fixed up redirectors for 0 collections in 0.000047 seconds (updated 0 objects)
[2019.09.04-16.41.38:771][  0]LogContentStreaming: Texture pool size now 1000 MB
[2019.09.04-16.41.38:779][  0]LogSlate: Took 0.000181 seconds to synchronously load lazily loaded font '../../../Engine/Content/Slate/Fonts/Roboto-Regular.ttf' (155K)
[2019.09.04-16.41.38:781][  0]LogSlate: Took 0.000139 seconds to synchronously load lazily loaded font '../../../Engine/Content/Slate/Fonts/Roboto-Bold.ttf' (160K)
[2019.09.04-16.41.38:794][  0]LogSlate: Took 0.006935 seconds to synchronously load lazily loaded font '../../../Engine/Content/Editor/Slate/Fonts/FontAwesome.ttf' (139K)
[2019.09.04-16.41.38:945][  0]LogRenderer: Reallocating scene render targets to support 544x360 Format 10 NumSamples 1 (Frame:1).
[2019.09.04-16.41.38:945][  0]LogSlate: Took 0.007345 seconds to synchronously load lazily loaded font '../../../Engine/Content/Slate/Fonts/Roboto-Light.ttf' (167K)
[2019.09.04-16.41.47:722][522]LogSlate: FSceneViewport::OnFocusLost() reason 0
[2019.09.04-16.41.47:983][535]LogRenderer: Reallocating scene render targets to support 828x436 Format 10 NumSamples 1 (Frame:524).
[2019.09.04-16.41.52:451][802]LogRenderer: Reallocating scene render targets to support 832x436 Format 10 NumSamples 1 (Frame:774).
[2019.09.04-16.41.52:488][803]LogRenderer: Reallocating scene render targets to support 848x436 Format 10 NumSamples 1 (Frame:776).
[2019.09.04-16.41.52:536][804]LogRenderer: Reallocating scene render targets to support 892x436 Format 10 NumSamples 1 (Frame:778).
[2019.09.04-16.41.52:585][805]LogRenderer: Reallocating scene render targets to support 912x436 Format 10 NumSamples 1 (Frame:780).
[2019.09.04-16.41.52:672][808]LogRenderer: Reallocating scene render targets to support 916x436 Format 10 NumSamples 1 (Frame:784).
[2019.09.04-16.41.53:135][832]LogRenderer: Reallocating scene render targets to support 924x436 Format 10 NumSamples 1 (Frame:790).
[2019.09.04-16.41.53:171][833]LogRenderer: Reallocating scene render targets to support 936x436 Format 10 NumSamples 1 (Frame:792).
[2019.09.04-16.41.53:209][834]LogRenderer: Reallocating scene render targets to support 956x436 Format 10 NumSamples 1 (Frame:794).
[2019.09.04-16.41.53:249][835]LogRenderer: Reallocating scene render targets to support 964x436 Format 10 NumSamples 1 (Frame:796).
[2019.09.04-16.41.53:287][836]LogRenderer: Reallocating scene render targets to support 968x436 Format 10 NumSamples 1 (Frame:798).
[2019.09.04-16.41.53:324][837]LogRenderer: Reallocating scene render targets to support 972x436 Format 10 NumSamples 1 (Frame:800).
[2019.09.04-16.41.57:223][ 68]LogRenderer: Reallocating scene render targets to support 976x436 Format 10 NumSamples 1 (Frame:925).
[2019.09.04-16.41.57:260][ 69]LogRenderer: Reallocating scene render targets to support 984x436 Format 10 NumSamples 1 (Frame:927).
[2019.09.04-16.41.57:306][ 70]LogRenderer: Reallocating scene render targets to support 1004x436 Format 10 NumSamples 1 (Frame:929).
[2019.09.04-16.41.57:353][ 71]LogRenderer: Reallocating scene render targets to support 1016x436 Format 10 NumSamples 1 (Frame:931).
[2019.09.04-16.41.57:395][ 72]LogRenderer: Reallocating scene render targets to support 1028x436 Format 10 NumSamples 1 (Frame:933).
[2019.09.04-16.41.57:444][ 73]LogRenderer: Reallocating scene render targets to support 1036x436 Format 10 NumSamples 1 (Frame:935).
[2019.09.04-16.41.57:481][ 74]LogRenderer: Reallocating scene render targets to support 1048x436 Format 10 NumSamples 1 (Frame:937).
[2019.09.04-16.41.57:519][ 75]LogRenderer: Reallocating scene render targets to support 1052x436 Format 10 NumSamples 1 (Frame:939).
[2019.09.04-16.41.57:560][ 76]LogRenderer: Reallocating scene render targets to support 1056x436 Format 10 NumSamples 1 (Frame:941).
[2019.09.04-17.34.31:852][539]LogHotReload: New module detected: UE4Editor-CoinCollector-0009.dll
[2019.09.04-17.34.33:504][545]LogHotReload: Starting Hot-Reload from IDE
[2019.09.04-17.34.33:655][545]LogSlate: Took 0.006855 seconds to synchronously load lazily loaded font '../../../Engine/Content/Slate/Fonts/Roboto-Light.ttf' (167K)
[2019.09.04-17.34.33:929][545]LogUObjectHash: Compacting FUObjectHashTables data took  11.87ms
[2019.09.04-17.34.34:034][545]LogContentBrowser: Native class hierarchy updated for 'CoinCollector' in 0.0061 seconds. Added 2 classes and 2 folders.
[2019.09.04-17.34.34:039][545]Display: HotReload successful (1 functions remapped  0 scriptstructs remapped)
[2019.09.04-17.34.34:246][545]LogUObjectHash: Compacting FUObjectHashTables data took   6.06ms
[2019.09.04-17.34.34:318][545]LogContentBrowser: Native class hierarchy populated in 0.0381 seconds. Added 2735 classes and 663 folders.
[2019.09.04-17.34.34:341][545]Display: HotReload took  0.8s.
[2019.09.04-17.34.39:304][695]LogTemp: Repeating last play command: Selected Viewport
[2019.09.04-17.34.39:360][695]LogBlueprintUserMessages: Early PlayInEditor Detection: Level '/Game/CoinCollector/Maps/TutorialMap.TutorialMap:PersistentLevel' has LevelScriptBlueprint '/Game/CoinCollector/Maps/TutorialMap.TutorialMap:PersistentLevel.TutorialMap' with GeneratedClass '/Game/CoinCollector/Maps/TutorialMap.TutorialMap_C' with ClassGeneratedBy '/Game/CoinCollector/Maps/TutorialMap.TutorialMap:PersistentLevel.TutorialMap'
[2019.09.04-17.34.39:367][695]LogPlayLevel: PlayLevel: No blueprints needed recompiling
[2019.09.04-17.34.39:391][695]PIE: New page: PIE session: TutorialMap (Sep 4, 2019, 3:34:39 AM)
[2019.09.04-17.34.39:430][695]LogPlayLevel: Creating play world package: /Game/CoinCollector/Maps/UEDPIE_0_TutorialMap
[2019.09.04-17.34.39:541][695]LogPlayLevel: PIE: StaticDuplicateObject took: (0.104084s)
[2019.09.04-17.34.39:553][695]LogAIModule: Creating AISystem for world TutorialMap
[2019.09.04-17.34.39:558][695]LogPlayLevel: PIE: World Init took: (0.016723s)
[2019.09.04-17.34.39:558][695]LogPlayLevel: PIE: Created PIE world by copying editor world from /Game/CoinCollector/Maps/TutorialMap.TutorialMap to /Game/CoinCollector/Maps/UEDPIE_0_TutorialMap.TutorialMap (0.128229s)
[2019.09.04-17.34.39:594][695]LogUObjectHash: Compacting FUObjectHashTables data took   1.17ms
[2019.09.04-17.34.39:621][695]LogInit: XAudio2 using 'Speakers (Realtek High Definition Audio(SST))' : 2 channels at 48 kHz using 32 bits per sample (channel mask 0x3)
[2019.09.04-17.34.39:681][695]LogInit: FAudioDevice initialized.
[2019.09.04-17.34.39:769][695]LogLoad: Game class is 'GM_Tutorial_C'
[2019.09.04-17.34.39:835][695]LogWorld: Bringing World /Game/CoinCollector/Maps/UEDPIE_0_TutorialMap.TutorialMap up for play (max tick rate 60) at 2019.09.04-10.34.39
[2019.09.04-17.34.39:845][695]LogWorld: Bringing up level for play took: 0.031155
[2019.09.04-17.34.39:942][695]LogContentBrowser: Native class hierarchy updated for 'MovieSceneCapture' in 0.0011 seconds. Added 20 classes and 0 folders.
[2019.09.04-17.34.39:959][695]PIE: Play in editor start time for /Game/CoinCollector/Maps/UEDPIE_0_TutorialMap 0.293
[2019.09.04-17.34.39:967][695]LogBlueprintUserMessages: Late PlayInEditor Detection: Level '/Game/CoinCollector/Maps/TutorialMap.TutorialMap:PersistentLevel' has LevelScriptBlueprint '/Game/CoinCollector/Maps/TutorialMap.TutorialMap:PersistentLevel.TutorialMap' with GeneratedClass '/Game/CoinCollector/Maps/TutorialMap.TutorialMap_C' with ClassGeneratedBy '/Game/CoinCollector/Maps/TutorialMap.TutorialMap:PersistentLevel.TutorialMap'
[2019.09.04-17.34.49:072][230]LogBlueprintUserMessages: Early EndPlayMap Detection: Level '/Game/CoinCollector/Maps/TutorialMap.TutorialMap:PersistentLevel' has LevelScriptBlueprint '/Game/CoinCollector/Maps/TutorialMap.TutorialMap:PersistentLevel.TutorialMap' with GeneratedClass '/Game/CoinCollector/Maps/TutorialMap.TutorialMap_C' with ClassGeneratedBy '/Game/CoinCollector/Maps/TutorialMap.TutorialMap:PersistentLevel.TutorialMap'
[2019.09.04-17.34.49:080][230]LogSlate: Updating window title bar state: overlay mode, drag disabled, window buttons hidden, title bar hidden
[2019.09.04-17.34.49:124][230]LogPlayLevel: Display: Shutting down PIE online subsystems
[2019.09.04-17.34.49:125][230]LogBlueprintUserMessages: Late EndPlayMap Detection: Level '/Game/CoinCollector/Maps/TutorialMap.TutorialMap:PersistentLevel' has LevelScriptBlueprint '/Game/CoinCollector/Maps/TutorialMap.TutorialMap:PersistentLevel.TutorialMap' with GeneratedClass '/Game/CoinCollector/Maps/TutorialMap.TutorialMap_C' with ClassGeneratedBy '/Game/CoinCollector/Maps/TutorialMap.TutorialMap:PersistentLevel.TutorialMap'
[2019.09.04-17.34.49:160][230]LogSlate: Updating window title bar state: overlay mode, drag disabled, window buttons hidden, title bar hidden
[2019.09.04-17.34.49:198][230]LogUObjectHash: Compacting FUObjectHashTables data took   1.69ms
[2019.09.04-17.34.49:304][231]LogPlayLevel: Display: Destroying online subsystem :Context_2
[2019.09.04-17.34.51:406][354]LogSlate: FSceneViewport::OnFocusLost() reason 0
[2019.09.05-17.51.54:481][511]LogHotReload: New module detected: UE4Editor-CoinCollector-0010.dll
[2019.09.05-17.51.55:551][516]LogHotReload: Starting Hot-Reload from IDE
[2019.09.05-17.51.55:876][516]LogUObjectHash: Compacting FUObjectHashTables data took  19.52ms
[2019.09.05-17.51.56:128][516]LogClass: Could not find existing class BaseCoin in package /Script/CoinCollector for HotReload, assuming new class
[2019.09.05-17.51.56:134][516]LogClass: Function OnOverlap is new.
[2019.09.05-17.51.56:135][516]LogClass: Function PlayCustomDeath is new.
[2019.09.05-17.51.56:213][516]LogHotReload: Re-instancing BaseCoin after hot-reload.
[2019.09.05-17.51.57:382][516]LogContentBrowser: Native class hierarchy updated for 'CoinCollector' in 0.0168 seconds. Added 2 classes and 2 folders.
[2019.09.05-17.51.57:390][516]Display: HotReload successful (0 functions remapped  0 scriptstructs remapped)
[2019.09.05-17.51.57:522][516]LogUObjectHash: Compacting FUObjectHashTables data took  14.60ms
[2019.09.05-17.51.57:653][516]LogContentBrowser: Native class hierarchy populated in 0.0371 seconds. Added 2735 classes and 663 folders.
[2019.09.05-17.51.57:676][516]Display: HotReload took  2.1s.
[2019.09.05-17.54.30:831][709]LogAssetEditorManager: Opening Asset editor for Blueprint /Game/CoinCollector/Blueprints/BP_Coin.BP_Coin
[2019.09.05-17.54.32:085][709]LogContentBrowser: Native class hierarchy updated for 'BlueprintGraph' in 0.0043 seconds. Added 121 classes and 0 folders.
[2019.09.05-17.55.00:806][230]LogSlate: Window 'BP_Coin' being destroyed
[2019.09.05-17.55.00:822][230]LogSlate: Window 'BP_Coin' being destroyed
[2019.09.05-17.55.15:521][ 88]LogAssetEditorManager: Opening Asset editor for Class /Script/CoinCollector.BaseCoin
[2019.09.05-17.55.16:149][ 88]LogVSAccessor: Warning: Couldn't goto line number '1' in 'C:/Users/jessz/codefellows/post/unreal_engine/CoinCollectorStarter/CoinCollectorStarter/Source/CoinCollector/BaseCoin.h'
[2019.09.05-17.55.16:383][ 88]LogVSAccessor: Warning: Couldn't goto line number '1' in 'C:/Users/jessz/codefellows/post/unreal_engine/CoinCollectorStarter/CoinCollectorStarter/Source/CoinCollector/BaseCoin.cpp'
[2019.09.05-18.11.25:382][471]LogAssetEditorManager: Opening Asset editor for Blueprint /Game/CoinCollector/Blueprints/BP_Coin.BP_Coin
[2019.09.05-18.11.47:810][741]LogSlate: Window 'BP_Coin' being destroyed
[2019.09.05-18.11.47:915][741]LogAssetEditorManager: Opening Asset editor for Blueprint /Game/CoinCollector/Blueprints/BP_Coin.BP_Coin
[2019.09.05-18.11.48:334][741]LogSlate: Took 0.006952 seconds to synchronously load lazily loaded font '../../../Engine/Content/Slate/Fonts/Roboto-BoldCondensed.ttf' (158K)
[2019.09.05-18.13.25:919][675]LogSlate: Took 0.005919 seconds to synchronously load lazily loaded font '../../../Engine/Content/Slate/Fonts/Roboto-Italic.ttf' (157K)
[2019.09.05-18.13.36:203][  7]LogSavePackage: Moving '../../../../../../Users/jessz/codefellows/post/unreal_engine/CoinCollectorStarter/CoinCollectorStarter/Saved/BP_Coin4A1C32384AE6DA05F2946892BBE5936F.tmp' to '../../../../../../Users/jessz/codefellows/post/unreal_engine/CoinCollectorStarter/CoinCollectorStarter/Content/CoinCollector/Blueprints/BP_Coin.uasset'
[2019.09.05-18.13.49:747][528]BlueprintLog: New page: Compile BP_Coin
[2019.09.05-18.13.50:047][528]LogUObjectHash: Compacting FUObjectHashTables data took   8.67ms
[2019.09.05-18.13.54:796][767]LogSlate: Window 'BP_Coin' being destroyed
[2019.09.05-18.13.54:802][767]LogSlate: Window 'BP_Coin' being destroyed
[2019.09.05-18.14.02:648][226]LogTemp: Repeating last play command: Selected Viewport
[2019.09.05-18.14.02:677][226]LogBlueprintUserMessages: Early PlayInEditor Detection: Level '/Game/CoinCollector/Maps/TutorialMap.TutorialMap:PersistentLevel' has LevelScriptBlueprint '/Game/CoinCollector/Maps/TutorialMap.TutorialMap:PersistentLevel.TutorialMap' with GeneratedClass '/Game/CoinCollector/Maps/TutorialMap.TutorialMap_C' with ClassGeneratedBy '/Game/CoinCollector/Maps/TutorialMap.TutorialMap:PersistentLevel.TutorialMap'
[2019.09.05-18.14.02:681][226]LogPlayLevel: PlayLevel: No blueprints needed recompiling
[2019.09.05-18.14.02:691][226]PIE: New page: PIE session: TutorialMap (Sep 5, 2019, 4:14:02 AM)
[2019.09.05-18.14.02:699][226]LogPlayLevel: Creating play world package: /Game/CoinCollector/Maps/UEDPIE_0_TutorialMap
[2019.09.05-18.14.02:757][226]LogPlayLevel: PIE: StaticDuplicateObject took: (0.058306s)
[2019.09.05-18.14.02:764][226]LogAIModule: Creating AISystem for world TutorialMap
[2019.09.05-18.14.02:776][226]LogPlayLevel: PIE: World Init took: (0.017926s)
[2019.09.05-18.14.02:776][226]LogPlayLevel: PIE: Created PIE world by copying editor world from /Game/CoinCollector/Maps/TutorialMap.TutorialMap to /Game/CoinCollector/Maps/UEDPIE_0_TutorialMap.TutorialMap (0.077422s)
[2019.09.05-18.14.02:805][226]LogUObjectHash: Compacting FUObjectHashTables data took   2.15ms
[2019.09.05-18.14.02:836][226]LogInit: XAudio2 using 'Speakers (Realtek High Definition Audio(SST))' : 2 channels at 48 kHz using 32 bits per sample (channel mask 0x3)
[2019.09.05-18.14.02:877][226]LogInit: FAudioDevice initialized.
[2019.09.05-18.14.02:940][226]LogLoad: Game class is 'GM_Tutorial_C'
[2019.09.05-18.14.02:962][226]LogWorld: Bringing World /Game/CoinCollector/Maps/UEDPIE_0_TutorialMap.TutorialMap up for play (max tick rate 60) at 2019.09.05-11.14.02
[2019.09.05-18.14.02:966][226]LogWorld: Bringing up level for play took: 0.007802
[2019.09.05-18.14.03:042][226]PIE: Play in editor start time for /Game/CoinCollector/Maps/UEDPIE_0_TutorialMap 0.204
[2019.09.05-18.14.03:042][226]LogBlueprintUserMessages: Late PlayInEditor Detection: Level '/Game/CoinCollector/Maps/TutorialMap.TutorialMap:PersistentLevel' has LevelScriptBlueprint '/Game/CoinCollector/Maps/TutorialMap.TutorialMap:PersistentLevel.TutorialMap' with GeneratedClass '/Game/CoinCollector/Maps/TutorialMap.TutorialMap_C' with ClassGeneratedBy '/Game/CoinCollector/Maps/TutorialMap.TutorialMap:PersistentLevel.TutorialMap'
[2019.09.05-18.14.20:234][249]LogBlueprintUserMessages: Early EndPlayMap Detection: Level '/Game/CoinCollector/Maps/TutorialMap.TutorialMap:PersistentLevel' has LevelScriptBlueprint '/Game/CoinCollector/Maps/TutorialMap.TutorialMap:PersistentLevel.TutorialMap' with GeneratedClass '/Game/CoinCollector/Maps/TutorialMap.TutorialMap_C' with ClassGeneratedBy '/Game/CoinCollector/Maps/TutorialMap.TutorialMap:PersistentLevel.TutorialMap'
[2019.09.05-18.14.20:238][249]LogSlate: Updating window title bar state: overlay mode, drag disabled, window buttons hidden, title bar hidden
[2019.09.05-18.14.20:272][249]LogPlayLevel: Display: Shutting down PIE online subsystems
[2019.09.05-18.14.20:273][249]LogBlueprintUserMessages: Late EndPlayMap Detection: Level '/Game/CoinCollector/Maps/TutorialMap.TutorialMap:PersistentLevel' has LevelScriptBlueprint '/Game/CoinCollector/Maps/TutorialMap.TutorialMap:PersistentLevel.TutorialMap' with GeneratedClass '/Game/CoinCollector/Maps/TutorialMap.TutorialMap_C' with ClassGeneratedBy '/Game/CoinCollector/Maps/TutorialMap.TutorialMap:PersistentLevel.TutorialMap'
[2019.09.05-18.14.20:306][249]LogSlate: Updating window title bar state: overlay mode, drag disabled, window buttons hidden, title bar hidden
[2019.09.05-18.14.20:314][249]LogUObjectHash: Compacting FUObjectHashTables data took   1.89ms
[2019.09.05-18.14.20:376][250]LogPlayLevel: Display: Destroying online subsystem :Context_8
[2019.09.05-18.14.22:928][399]LogSlate: FSceneViewport::OnFocusLost() reason 0
[2019.09.05-18.14.48:751][676]LogUObjectHash: Compacting FUObjectHashTables data took   0.69ms
[2019.09.05-18.14.48:988][676]LogSavePackage: Moving '../../../../../../Users/jessz/codefellows/post/unreal_engine/CoinCollectorStarter/CoinCollectorStarter/Saved/TutorialMap_Auto1E089BF8C4BDD136DCB36C68ABB291E8B.tmp' to '../../../../../../Users/jessz/codefellows/post/unreal_engine/CoinCollectorStarter/CoinCollectorStarter/Saved/Autosaves/Game/CoinCollector/Maps/TutorialMap_Auto1.umap'
[2019.09.05-18.14.48:996][676]LogFileHelpers: Editor autosave (incl. sublevels) for '/Game/CoinCollector/Maps/TutorialMap' took 0.272
[2019.09.05-18.14.48:996][676]LogFileHelpers: Editor autosave (incl. sublevels) for all levels took 0.272
