  Creating makefile for CoinCollectorEditor (ini files are newer than makefile)
  Parsing headers for CoinCollectorEditor
    Running UnrealHeaderTool "C:\Users\jessz\codefellows\post\unreal_engine\CoinCollectorStarter\CoinCollectorStarter\CoinCollector.uproject" "C:\Users\jessz\codefellows\post\unreal_engine\CoinCollectorStarter\CoinCollectorStarter\Intermediate\Build\Win64\CoinCollectorEditor\Development\CoinCollectorEditor.uhtmanifest" -LogCmds="loginit warning, logexit warning, logdatabase error" -Unattended -WarningsAsErrors -installed
  Reflection code generated for CoinCollectorEditor in 24.537604 seconds
  Using Visual Studio 2017 14.16.27023 toolchain (C:\Program Files (x86)\Microsoft Visual Studio\2017\Community\VC\Tools\MSVC\14.16.27023) and Windows 10.0.17763.0 SDK (C:\Program Files (x86)\Windows Kits\10).
  Building 10 actions with 8 processes...
    [1/10] SharedPCH.Engine.cpp
    [2/10] CoinCollector.cpp
    [3/10] CoinCollector.init.gen.cpp
    [4/10] BasePlayer.cpp
    [5/10] BaseCoin.cpp
    [6/10] BaseCoin.gen.cpp
    [7/10] BasePlayer.gen.cpp
    [8/10] UE4Editor-CoinCollector-0002.lib
       Creating library C:\Users\jessz\codefellows\post\unreal_engine\CoinCollectorStarter\CoinCollectorStarter\Intermediate\Build\Win64\UE4Editor\Development\CoinCollector\UE4Editor-CoinCollector-0002.lib and object C:\Users\jessz\codefellows\post\unreal_engine\CoinCollectorStarter\CoinCollectorStarter\Intermediate\Build\Win64\UE4Editor\Development\CoinCollector\UE4Editor-CoinCollector-0002.exp
    [9/10] UE4Editor-CoinCollector-0002.dll
       Creating library C:\Users\jessz\codefellows\post\unreal_engine\CoinCollectorStarter\CoinCollectorStarter\Intermediate\Build\Win64\UE4Editor\Development\CoinCollector\UE4Editor-CoinCollector-0002.suppressed.lib and object C:\Users\jessz\codefellows\post\unreal_engine\CoinCollectorStarter\CoinCollectorStarter\Intermediate\Build\Win64\UE4Editor\Development\CoinCollector\UE4Editor-CoinCollector-0002.suppressed.exp
    [10/10] CoinCollectorEditor.target
  Total time in Parallel executor: 28.84 seconds
  Total execution time: 59.10 seconds
